learn=1e-05, ep1=0.0001, ep2=0.0001, la1=0.1, la2=0.1
        100 0.0454234750477
        200 0.0177193664948
        300 0.0103589112998
        400 0.00797291705804
        500 0.0084307769527
[[138  96 128 132  57  98 102  89 143 160]
 [144 105 159 142 106 105  89 110  73 110]
 [ 52 142 200 113  94 115 113 106 132  77]
 [134  95  96 134 116  66 137  59  86 132]
 [142  80 162  50 147 127 112 109  77 138]
 [ 84 128  55  99 104 153  96 111 137  88]
 [ 58  93  30  71 157 142 235 138  63  69]
 [116 142 175  65  70  97  82 186 156  53]
 [ 94  60  82 150  92  90  95 136 176  80]
 [140 100  63  77 128  93 110  84  82 178]]
time,  532.883095026
ARI,  0.011269460263
RI,  0.82191225135
Accu,  0.150291120815

        600 0.0114164306146
        700 0.0165349962154
        800 0.022118021982
        900 0.0238012167055
        1000 0.018845485359
[[124  22  76 142  16  76  70  83 278 256]
 [112  64 333 308  63  30  29  69  18 117]
 [ 15  39 975   3   0   6   1  60  45   0]
 [218  29   2 396 149   1  26   0   0 234]
 [  1   4  31 133 245 302 145  31   3 249]
 [ 70  26   0  55 117 196  83 117 287 104]
 [  4   2   0   0  98 121 760  51  13   7]
 [ 26  49 516  95  27   7  12 281  98  31]
 [135   3  17  57  14 112  29 283 394  11]
 [ 36  29   1 193 230  45  82  20   5 414]]
time,  1045.72049308
ARI,  0.192553947518
RI,  0.844912527346
Accu,  0.350163755459

        1100 0.0171270863488
        1200 0.0159904622954
        1300 0.0141878389285
        1400 0.0118918592703
        1500 0.0106750960011
[[   0   28    0    3   40    0   88  114  452  418]
 [   3  561  332   87   13   16   19   71    2   39]
 [   0    5 1126    1    0    0    0   11    1    0]
 [  45  348    2  610    1   25    0    0    0   24]
 [   0   22    0    0  762   39   55    3    0  263]
 [  37    6    0  159  178   71   73    7  446   78]
 [   0    0    0    0   13    6 1031    4    2    0]
 [  16  201  236   28    1    3    6  543  102    6]
 [   0   32    0   72   46    1    3  267  634    0]
 [  12   92    0   64   62  108   11   19    5  682]]
time,  1556.66954017
ARI,  0.378197229709
RI,  0.877512476464
Accu,  0.547671033479

        1600 0.00976215254206
        1700 0.00862355703772
        1800 0.00874756246422
        1900 0.00875590838537
        2000 0.00815887697385
[[ 790    0    0    2    4    0  136   68  143    0]
 [  28  180  317  337    5    3   10  254    0    9]
 [   0    0 1123    5    0    0    0   16    0    0]
 [   5  225    1  704    1   58    0    3    5   53]
 [ 225    0    0    9  844    0   47    0    0   19]
 [ 136  188    0    0  461   34   53    1  166   16]
 [   0    0    0    0    1    0 1052    3    0    0]
 [  12   22   61  216    2   29    6  606  188    0]
 [   0   88    0   13    4    0    3  404  543    0]
 [ 810  137    0   19   37    1    1   25    0   25]]
time,  2066.73713613
ARI,  0.413519895274
RI,  0.882045462763
Accu,  0.536844978166

        2100 0.00716486091253
        2200 0.00612240339732
        2300 0.0051477219915
        2400 0.00424166164042
        2500 0.00345226374213
[[ 957    0    0    0    1    0  111   66    8    0]
 [  40  450  309   35    1    1    4  301    0    2]
 [   0    0 1123    5    0    0    0   15    1    0]
 [   2  117    1  769    1   13    0    3   96   53]
 [ 196    0    1    2  869    0   53    0    0   23]
 [ 180  177    0    0  544   22   42    1   82    7]
 [   0    0    0    0    1    0 1046    9    0    0]
 [  25   42   48  159    0   28    5  563  272    0]
 [   1   71    0    7    0    0    2  456  518    0]
 [ 852  128    0    8   13    0    1   41    0   12]]
time,  2577.69364119
ARI,  0.443359594125
RI,  0.885588506515
Accu,  0.575782387191

        2600 0.00281278426014
        2700 0.0023223980406
        2800 0.00195739718402
        2900 0.00168774354519
        3000 0.00148630929697
[[ 942    0    0    0    0    0  106   70   25    0]
 [  38  546  311   31    2    0    4  211    0    0]
 [   0    0 1124    5    0    0    0   14    1    0]
 [   2  114    1  756    1    3    0    3  136   39]
 [ 183    0    1    2  886    0   58    0    0   14]
 [ 198  165    0    0  545   16   40    2   81    8]
 [   0    0    0    0    1    0 1046    9    0    0]
 [  25   65   49  154    0   26    5  535  283    0]
 [   3   65    0    7    0    0    2  458  520    0]
 [ 858  119    0    7    5    0    0   51    0   15]]
time,  3088.45124602
ARI,  0.445595780737
RI,  0.886044731981
Accu,  0.58096797671

        3100 0.00133249719915
        3200 0.00121186653511
        3300 0.00111453760053
        3400 0.00103375079743
        3500 0.000965194331973
[[ 927    0    0    0    0    0   89   63   64    0]
 [  35  573  312   34    2    0    4  183    0    0]
 [   0    0 1123    5    0    0    0   15    1    0]
 [   2  113    1  753    1    7    0    3  155   20]
 [ 169    0    1    2  903    0   58    0    0   11]
 [ 199  154    0    0  542   12   43    3   84   18]
 [   0    0    0    0    1    0 1046    9    0    0]
 [  24   71   50  162    2   25    6  522  280    0]
 [   8   64    0    7    0    0    1  462  513    0]
 [ 856  113    0    7    6    0    0   58    0   15]]
time,  3597.92943501
ARI,  0.445862596991
RI,  0.886293016372
Accu,  0.581058951965

        3600 0.000905654675476
        3700 0.000853187803265
        3800 0.000806484706516
        3900 0.000764575435752
        4000 0.000726366728017
[[ 907    0    0    0    0    0   62   59  115    0]
 [  35  588  310   36    5    0    4  165    0    0]
 [   0    0 1124    5    0    0    0   14    1    0]
 [   2  119    1  746    1   11    0    3  163    9]
 [ 159    0    1    2  911   11   60    0    0    0]
 [ 205  138    0    0  542   29   41    4   84   12]
 [   0    0    0    0    1    0 1045   10    0    0]
 [  20   80   51  169    6    0    6  509  276   25]
 [   8   57    0    8    0    0    1  473  508    0]
 [ 860  104    0    8    5   16    0   62    0    0]]
time,  4108.54319215
ARI,  0.445657108625
RI,  0.886498805361
Accu,  0.57923944687

        4100 0.000691302750068
        4200 0.000659125114459
        4300 0.000629289147898
        4400 0.000601596238838
        4500 0.000575759683925
[[ 881    0    0    0    0    0   53   55  154    0]
 [  35  596  311   36    8    0    4  153    0    0]
 [   0    0 1124    5    0    0    0   14    1    0]
 [   2  120    1  747    1    9    0    3  162   10]
 [ 155    0    1    2  913   12   61    0    0    0]
 [ 204  131    0    0  543   38   42    4   84    9]
 [   0    0    0    0    1    0 1043   12    0    0]
 [  15   89   53  168   15    0    6  503  271   22]
 [   8   56    0    8    0    0    1  477  505    0]
 [ 860   97    0    8    6   16    0   68    0    0]]
time,  4618.6175971
ARI,  0.444067250456
RI,  0.886435898261
Accu,  0.57769286754

