learn=1e-05, ep1=0.001, ep2=0.001, la1=10, la2=10
        100 0.0695820271956
        200 0.0691266950453
        300 0.0909144308575
        400 0.0484932766864
        500 0.0152850916664
[[187  96  84  97 100  71 171  73 115 149]
 [ 83 154 168 106  97 118  96 106 114 101]
 [ 44 158 273  58  39 155  66 126 158  67]
 [ 31  91 103 287  89  94  52 105 106  97]
 [165 153  36 112 241  58  92  96  75 116]
 [106  45 110 122 181 140  73  87  78 113]
 [ 84  77  71 145 150  43 189 118  80  99]
 [ 42 117 181  53 124 151  81 179 138  76]
 [ 92  58 125 117 129 112  85 103 104 130]
 [ 97  87  77 168 182  80  80  94  50 140]]
time,  510.715406895
ARI,  0.0177537218077
RI,  0.822181146093
Accu,  0.17230713246

        600 0.0142713045359
        700 0.0189489355589
        800 0.0217882385977
        900 0.020339746156
        1000 0.0175135817872
[[  79   31    6    3  623   11  320   11   24   35]
 [  71  249  285  114   70   75   80   61   64   74]
 [   0   55  834    0    0  115    1   17  121    1]
 [   4   14    1 1028    0    0    0    2    1    5]
 [  34  113    1    6  647    1   22    6    6  308]
 [  72    3    7  238  269  224   37   18   54  133]
 [  44    8    3   24  101    2  689   88    2   95]
 [  19   86  455   41    5  131   10  218  124   53]
 [ 100    9   73   45  298  117  108   60  143  102]
 [ 119   48    4  450   65    6   14   11    1  337]]
time,  1017.92855692
ARI,  0.241126088725
RI,  0.846125541779
Accu,  0.404657933042

        1100 0.0135931005814
        1200 0.012624431589
        1300 0.0118885558624
        1400 0.0104738992339
        1500 0.00956180064631
[[ 794    4    5    0   32    0  284    1    6   17]
 [   0  592  310  114   54    7    6   24    7   29]
 [   0   47 1046    0    0   26    0    5   20    0]
 [   0   11    1 1041    0    0    0    0    0    2]
 [ 685  171    0    0    7    0   14    2    1  264]
 [  36    0    0  187   82  589    3    4    2  152]
 [   3    0    1    0    5    1 1028   10    0    8]
 [   0  140  139   54    4   50    4  701   35   15]
 [ 410    2   25   45   68  132   38   18  283   34]
 [   8   56    1  254   99    4    4    3    3  623]]
time,  1527.02307487
ARI,  0.435427503169
RI,  0.888544941561
Accu,  0.609898107715

        1600 0.00941174154413
        1700 0.00927984936505
        1800 0.00855066310755
        1900 0.00781453364006
        2000 0.00770835847956
[[ 917    1    3    0  143    0   43    0   21   15]
 [   0  627  298   99   76    1    0   32    0   10]
 [   0   35 1085    0    0    0    0   20    4    0]
 [   0   13    1 1039    0    0    0    0    0    2]
 [ 658  180    0    0    0    0   16    0    1  289]
 [   0    0    0  139  118  625    0    0    2  171]
 [   1    0    0    0    1    1 1047    0    0    6]
 [   0  145   33   51    3   20    6  859   24    1]
 [ 290    0    6   46  147   82    3   18  433   30]
 [   3   38    0  147  102    6    0    0    7  752]]
time,  2037.41251302
ARI,  0.518979766641
RI,  0.907997439218
Accu,  0.671761280932

        2100 0.00759478093967
        2200 0.00737239207102
        2300 0.00704525001406
        2400 0.00658649063022
        2500 0.0060211617834
[[ 692    0    1    0  348    0   26    0   65   11]
 [  82  645  292   77    0    0    0   37    0   10]
 [   0   33 1076    0    0    0    0   34    1    0]
 [   0   23    1 1029    0    0    0    0    0    2]
 [   0  127    0    0  717    0   17    0    0  283]
 [  98    0    0  128    0  624    0    0    3  202]
 [   0    0    0    0    3    1 1049    0    0    3]
 [   1  150   19   54    0    5    4  875   34    0]
 [ 226    0    0   42  130   56    4   25  560   12]
 [ 127   57    0  122    0    1    0    0    5  743]]
time,  2546.65407395
ARI,  0.538282979116
RI,  0.914940413071
Accu,  0.728711790393

        2600 0.00547828573385
        2700 0.00497878922333
        2800 0.00462083089344
        2900 0.00431960176721
        3000 0.00414515162695
[[ 807    0    0    0  211    0   17    0   97   11]
 [  81  658  283   63    0    0    0   46    0   12]
 [   0   34 1065    0    0    0    0   45    0    0]
 [   0   31    1 1020    0    0    0    0    0    3]
 [   0   92    0    0  801    0   22    0    0  229]
 [  60    0    0  133    0  624    0    0    3  235]
 [   0    0    0    0    3    1 1049    0    0    3]
 [   0  150   15   54    0    4    5  878   36    0]
 [ 194    2    0   41   55   45    5   22  684    7]
 [  91   81    0  113    0    0    0    0    1  769]]
time,  3053.39341187
ARI,  0.572694367735
RI,  0.921683789317
Accu,  0.760098253275

        3100 0.0039606191079
        3200 0.00379370133781
        3300 0.00363944932645
        3400 0.00350184331967
        3500 0.00341660016072
[[ 857    0    0    0  146    0   16    0  114   10]
 [  67  664  282   57    0    0    1   50    0   22]
 [   0   31 1060    0    0    0    0   53    0    0]
 [   0   33    1 1018    0    0    0    0    0    3]
 [   0   82    0    0  835    0   24    0    1  202]
 [  18    1    0  147    0  624    0    0    3  262]
 [   0    0    0    0    3    1 1049    0    1    2]
 [   0  151   12   55    0    3    5  887   29    0]
 [ 124    8    0   45   22   17    5   18  807    9]
 [  57  100    0  107    0    0    0    0    1  790]]
time,  3563.12305403
ARI,  0.602159553023
RI,  0.927178890046
Accu,  0.781568413392

        3600 0.00325044039537
        3700 0.00320696309551
        3800 0.00310448901881
        3900 0.0030280455118
        4000 0.00298995009129
[[ 902    0    0    0   93    0   13    0  126    9]
 [  54  669  278   55    0    0    1   52    1   33]
 [   0   32 1052    0    0    0    0   60    0    0]
 [   0   37    1 1014    0    0    0    0    0    3]
 [   0   68    1    0  877    0   27    0    1  170]
 [   6    1    0  152    0  624    1    0    3  268]
 [   0    0    0    0    3    1 1049    0    2    1]
 [   0  151   11   58    0    3    2  897   20    0]
 [  75   12    0   41    9   12    5   15  880    6]
 [  19  114    0   84    0    0    0    0    1  837]]
time,  4071.50197887
ARI,  0.631122477606
RI,  0.932526473625
Accu,  0.800673216885

        4100 0.00294292930266
        4200 0.00289562844925
        4300 0.00284029510276
        4400 0.00284476016366
        4500 0.00279348729313
[[ 941    1    0    0   49    0   12    0  131    9]
 [  38  672  271   53    0    0    2   60    1   46]
 [   0   30 1048    0    0    0    0   66    0    0]
 [   0   42    1 1009    0    0    0    0    0    3]
 [   0   61    3    0  897    0   29    0    0  154]
 [   2    1    0  154    0  624    1    0    3  270]
 [   0    0    0    0    3    1 1049    0    2    1]
 [   0  153   11   58    0    3    2  899   16    0]
 [  52   13    0   40    5    6    4   12  918    5]
 [  12  119    0   77    0    0    0    0    1  846]]
time,  4580.23545504
ARI,  0.646075009723
RI,  0.935262319958
Accu,  0.809952692868

        4600 0.00278396782213
        4700 0.002754066264
        4800 0.00277997771127
        4900 0.00274961521391
        5000 0.00273948728481
[[ 956    2    0    0   32    0   10    0  134    9]
 [  32  672  266   51    1    0    4   66    1   50]
 [   0   32 1041    0    0    0    0   71    0    0]
 [   0   44    1 1007    0    0    0    0    0    3]
 [   0   57    3    0  914    0   32    0    0  138]
 [   0    1    0  154    0  624    1    0    3  272]
 [   0    0    0    0    3    1 1049    0    2    1]
 [   0  153    8   59    0    3    2  903   14    0]
 [  43   15    0   38    1    3    3   11  936    5]
 [  11  121    0   72    0    0    0    0    1  850]]
time,  5089.66684198
ARI,  0.653845318903
RI,  0.93671474557
Accu,  0.814410480349

        5100 0.00274968728496
        5200 0.0027235977225
        5300 0.00272154437993
        5400 0.00272752464535
        5500 0.00273629890963
[[ 968    2    0    0   21    0    9    0  134    9]
 [  28  678  262   46    1    0    4   68    1   55]
 [   0   32 1038    0    0    0    0   74    0    0]
 [   0   52    1  999    0    0    0    0    0    3]
 [   0   50    4    0  932    0   34    0    0  124]
 [   0    2    0  150    0  624    1    0    3  275]
 [   0    0    0    0    3    1 1049    0    2    1]
 [   0  156    8   57    0    4    1  901   15    0]
 [  38   17    0   35    0    2    2    9  947    5]
 [  11  123    0   69    0    0    0    0    1  851]]
time,  5601.08105206
ARI,  0.65957235662
RI,  0.937807756432
Accu,  0.817594614265

        5600 0.00273496670603
        5700 0.00275348155873
        5800 0.00274643111294
        5900 0.00273865230986
        6000 0.00273837687622
[[ 986    2    0    0   13    0    9    0  125    8]
 [  25  678  259   45    1    0    4   71    1   59]
 [   0   33 1032    0    0    0    0   79    0    0]
 [   0   55    1  996    0    0    0    0    0    3]
 [   0   38    4    0  954    0   36    0    0  112]
 [   0    2    0  149    0  624    1    0    3  276]
 [   0    0    0    0    3    1 1049    0    2    1]
 [   0  157    8   56    0    4    1  900   16    0]
 [  33   19    0   31    0    2    2    8  956    4]
 [  11  124    0   64    0    0    0    0    1  855]]
time,  6111.36498594
ARI,  0.666880572757
RI,  0.939184412097
Accu,  0.821506550218

        6100 0.00274465815462
        6200 0.00273283463258
        6300 0.00271737228546
        6400 0.0026810987979
        6500 0.00270215407951
[[ 990    4    0    0   11    0    8    0  123    7]
 [  19  680  258   43    1    0    6   72    2   62]
 [   0   35 1027    0    0    0    0   82    0    0]
 [   0   55    1  996    0    0    0    0    0    3]
 [   0   33    3    0  967    0   36    0    1  104]
 [   0    5    0  142    0  624    1    0    3  280]
 [   0    0    0    0    4    1 1048    0    2    1]
 [   0  158    7   56    0    4    1  899   17    0]
 [  31   20    0   29    0    1    2    7  960    5]
 [  11  126    0   57    2    0    0    0    1  858]]
time,  6617.18493605
ARI,  0.670181151386
RI,  0.939814675021
Accu,  0.823235080058

        6600 0.00267667492167
        6700 0.00269121210706
        6800 0.00268279076018
        6900 0.00266075088869
        7000 0.0026895493879
[[ 992    5    0    0   11    0    8    0  121    6]
 [  15  681  256   41    1    0    7   74    2   66]
 [   0   36 1025    0    0    0    0   83    0    0]
 [   0   59    1  992    0    0    0    0    0    3]
 [   0   28    3    0  991    0   35    0    1   86]
 [   0    7    0  139    0  624    1    0    3  281]
 [   0    0    0    0    4    1 1048    0    2    1]
 [   0  160    7   55    0    4    1  896   19    0]
 [  29   23    0   25    0    1    2    7  963    5]
 [  10  131    0   50    5    0    0    0    2  857]]
time,  7127.74559498
ARI,  0.674107932487
RI,  0.94057672832
Accu,  0.825054585153

        7100 0.00264423906207
        7200 0.00265158806548
        7300 0.00262170562289
        7400 0.00262998282329
        7500 0.00262347607191
[[ 997    5    0    0   10    0    8    0  117    6]
 [  12  681  255   40    1    0    8   75    2   69]
 [   0   37 1022    0    0    0    0   85    0    0]
 [   0   60    1  990    1    0    0    0    0    3]
 [   0   24    2    0 1009    0   35    0    1   73]
 [   0    7    0  133    0  624    1    0    3  287]
 [   0    0    0    0    4    1 1048    0    2    1]
 [   0  160    5   53    0    4    1  898   21    0]
 [  28   24    0   22    0    1    2    7  966    5]
 [  10  133    0   46    9    0    0    0    5  852]]
time,  7637.84484887
ARI,  0.677902334281
RI,  0.941304596575
Accu,  0.826692139738

        7600 0.00262189639732
        7700 0.00263984388625
        7800 0.00263192383813
        7900 0.0026260107485
        8000 0.00258220009221
[[1001    5    0    0   10    0    7    0  115    5]
 [   8  682  255   39    1    0    9   75    2   72]
 [   0   40 1021    0    0    0    0   83    0    0]
 [   0   61    0  990    1    0    0    1    0    2]
 [   0   22    2    0 1021    0   35    0    1   63]
 [   0    7    0  132    0  624    1    0    3  288]
 [   0    0    0    0    4    1 1048    0    2    1]
 [   0  160    3   51    0    4    0  900   24    0]
 [  24   23    0   20    0    1    2    7  975    3]
 [  10  132    0   43   16    0    0    0    7  847]]
time,  8146.11564493
ARI,  0.682119163225
RI,  0.942097259144
Accu,  0.828693595342

        8100 0.00258111355404
        8200 0.00255819986587
        8300 0.00250165342202
        8400 0.00244838672404
        8500 0.00240782911406
[[1002    5    0    0    9    0    7    0  115    5]
 [   3  682  254   38    1    0   10   76    3   76]
 [   0   41 1019    0    0    0    0   84    0    0]
 [   0   61    0  990    1    0    0    1    0    2]
 [   0   20    2    0 1034    0   34    0    1   53]
 [   0    7    0  128    0  624    1    0    3  292]
 [   0    0    0    0    4    1 1048    0    2    1]
 [   0  160    3   48    0    4    0  900   27    0]
 [  22   27    0   15    0    1    2    7  978    3]
 [  10  135    0   41   25    0    0    0    8  836]]
time,  8654.61277699
ARI,  0.683671846907
RI,  0.942402358579
Accu,  0.829057496361

        8600 0.00241038943047
        8700 0.00233925183237
        8800 0.00226361920695
        8900 0.00228195647626
        9000 0.00223383494687
[[1005    5    0    0    9    0    6    0  113    5]
 [   2  684  254   37    1    0    8   75    5   77]
 [   0   42 1019    0    0    0    0   83    0    0]
 [   0   62    0  989    1    0    0    1    0    2]
 [   0   17    2    0 1044    0   33    0    1   47]
 [   0    9    0  123    0  624    1    0    3  295]
 [   0    0    0    0    4    1 1048    0    2    1]
 [   0  160    3   46    0    4    0  900   29    0]
 [  20   27    0   15    0    1    1    7  981    3]
 [  10  138    0   38   39    0    0    0    9  821]]
time,  9161.472399
ARI,  0.684798008373
RI,  0.942625529794
Accu,  0.82923944687

        9100 0.00229681236197
        9200 0.0022550414192
        9300 0.00230307342162
        9400 0.00225296039235
        9500 0.00223358620025
[[1005    5    0    0    9    0    6    0  113    5]
 [   1  685  254   37    1    0    6   74    5   80]
 [   0   43 1019    0    0    0    0   82    0    0]
 [   0   61    0  990    1    0    0    1    0    2]
 [   0   17    2    0 1047    0   33    0    1   44]
 [   0    9    0  122    0  624    1    0    3  296]
 [   0    0    0    0    4    1 1048    0    2    1]
 [   0  160    3   45    0    4    0  900   30    0]
 [  20   27    0   15    0    1    1    7  981    3]
 [  10  138    0   33   44    0    0    0   14  816]]
time,  9669.64910388
ARI,  0.685023473231
RI,  0.94267069047
Accu,  0.82923944687

        9600 0.0022771654214
        9700 0.0023138871516
        9800 0.00226443191799
        9900 0.00225615056912
        10000 0.0022810392639
[[1004    5    0    0    9    0    6    0  114    5]
 [   0  686  254   37    1    0    5   74    5   81]
 [   0   45 1020    0    0    0    0   79    0    0]
 [   0   61    0  990    1    0    0    1    0    2]
 [   0   15    2    0 1051    0   32    0    1   43]
 [   0   10    0  118    0  624    1    0    3  299]
 [   0    0    0    0    4    1 1048    0    2    1]
 [   0  161    3   45    0    4    0  899   30    0]
 [  20   28    0   13    0    1    1    6  982    4]
 [  10  139    0   31   50    0    0    0   16  809]]
time,  10177.839643
ARI,  0.685089150967
RI,  0.942684629359
Accu,  0.829057496361

        10100 0.00226859872502
        10200 0.00229616334302
        10300 0.00227611570881
        10400 0.00227801822847
        10500 0.00227228107022
[[1007    5    0    0    8    0    5    0  113    5]
 [   0  687  254   36    1    0    5   73    5   82]
 [   0   46 1020    0    0    0    0   78    0    0]
 [   0   63    0  988    1    0    0    1    0    2]
 [   0   15    2    0 1053    0   32    0    1   41]
 [   0   10    0  116    0  624    1    0    3  301]
 [   0    0    0    0    4    1 1048    0    2    1]
 [   0  161    3   44    0    4    0  899   31    0]
 [  19   28    0   13    0    1    1    6  983    4]
 [  10  138    0   31   54    0    0    0   18  804]]
time,  10688.9576619
ARI,  0.685349909764
RI,  0.942736180072
Accu,  0.829057496361

        10600 0.00231319846173
        10700 0.0022792945614
        10800 0.00231708657416
        10900 0.00229448761866
        11000 0.00234826820768
[[1007    5    0    0    8    0    4    0  114    5]
 [   0  687  254   36    1    0    4   73    5   83]
 [   0   46 1020    0    0    0    0   78    0    0]
 [   0   64    0  987    1    0    0    1    0    2]
 [   0   15    2    0 1054    0   32    0    1   40]
 [   0   10    0  115    0  624    1    0    3  302]
 [   0    0    0    0    3    1 1049    0    2    1]
 [   0  161    3   43    0    4    0  900   31    0]
 [  19   28    0   13    0    1    1    6  983    4]
 [  10  139    0   30   57    0    0    0   18  801]]
time,  11199.132195
ARI,  0.685431509033
RI,  0.94275346297
Accu,  0.828966521106

        11100 0.00227275593922
        11200 0.00229533652124
        11300 0.00230727827471
        11400 0.00227201571794
        11500 0.0023260317923
[[1006    5    0    0    9    0    4    0  115    4]
 [   0  689  254   36    1    0    4   71    5   83]
 [   0   46 1020    0    0    0    0   78    0    0]
 [   0   64    0  987    1    0    0    1    0    2]
 [   0   15    1    0 1056    0   32    0    1   39]
 [   0   11    0  115    0  624    1    0    3  301]
 [   0    0    0    0    3    1 1049    0    2    1]
 [   0  161    3   43    0    4    0  900   31    0]
 [  19   28    0   13    0    1    1    6  983    4]
 [  10  139    0   28   58    0    0    0   18  802]]
time,  11705.2829289
ARI,  0.68597808166
RI,  0.942853832903
Accu,  0.829330422125

        11600 0.00231655925083
        11700 0.00226818037412
        11800 0.00229221174893
        11900 0.00229843837046
        12000 0.00232845919254
[[1006    5    0    0    9    0    4    0  116    3]
 [   0  689  254   36    1    0    4   71    5   83]
 [   0   46 1020    0    0    0    0   78    0    0]
 [   0   65    0  986    1    0    0    1    0    2]
 [   0   13    0    0 1060    0   32    0    1   38]
 [   0   12    0  112    0  624    1    0    3  303]
 [   0    0    0    0    3    1 1049    0    2    1]
 [   0  161    3   42    0    4    0  900   32    0]
 [  19   28    0   13    0    1    0    6  984    4]
 [  10  139    0   28   58    0    0    0   18  802]]
time,  12214.7134829
ARI,  0.686847193129
RI,  0.943013931473
Accu,  0.829694323144


        12100 0.00230899710574
        12200 0.00231591906031
        12300 0.00235857164173
        12400 0.002294819701
        12500 0.00228635173218
[[1006    5    0    0    9    0    4    0  116    3]
 [   0  690  254   36    1    0    4   70    5   83]
 [   0   46 1020    0    0    0    0   78    0    0]
 [   0   65    0  986    1    0    0    1    0    2]
 [   0   13    0    0 1060    0   32    0    1   38]
 [   0   12    0  112    0  624    1    0    3  303]
 [   0    0    0    0    3    1 1049    0    2    1]
 [   0  161    2   42    0    4    0  901   32    0]
 [  18   28    0   13    0    2    0    6  984    4]
 [  10  139    0   27   59    0    0    0   18  802]]
time,  12724.230448
ARI,  0.687167081196
RI,  0.943074653379
Accu,  0.829876273654

^CTraceback (most recent call last):
  File "/dhome/chanhou/.pyenv/versions/anaconda2-2.5.0/lib/python2.7/runpy.py", line 162, in _run_module_as_main
    "__main__", fname, loader, pkg_name)
  File "/dhome/chanhou/.pyenv/versions/anaconda2-2.5.0/lib/python2.7/runpy.py", line 72, in _run_code
    exec code in run_globals
  File "/data/clustering.disambiguation/sof/__main__.py", line 4, in <module>
    main()
  File "sof/__init__.py", line 77, in main
    train(1, xPen, yPen, 0.00001, .001, .001, 10, 10 )
  File "sof/__init__.py", line 23, in train
    gamma=lea, ep1=ep1, ep2=ep2 )
  File "sof/sofgd.py", line 103, in sof
    grad = 4*(( w0.dot(w0.T)-P )).dot(w0)
KeyboardInterrupt

real    212m30.737s
user    565m42.520s
sys     111m57.188s

