learn=1e-05, ep1=0.003, ep2=0.003, la1=0.1, la2=0.1
0 3572 0.2 0.2 5e-06
1 0 0.4 0.4 2.5e-06
2 0.4 0.4 2.5e-06
        accu=0.548307860262, RI=0.88098044556
[[962   1   1   4   0   0   2  27 146   0]
 [  0 457 251 232  15   1   2 122  10  53]
 [  0   0 993   3  41   6   0 101   0   0]
 [  0   2   1 931   0   5   1   2   0 113]
 [254  51   0   0 475 196 109   1  58   0]
 [  0  34   0  59   0   0  70   2 626 264]
 [  0   0   0   0   0   0 360   0 693   3]
 [  0  88  48 120 102   0   0 768  15   1]
 [ 11  10   0  57 276   0   0  33 659   9]
 [  9 505   0  42   0   0  59  16   2 422]]
time,  3643.87998486
title   max     mean    std
ARI,  0.395359796648 0.395359796648 0.0
RI,  0.88098044556 0.88098044556 0.0
Accu,  0.548307860262 0.548307860262 0.0

real    60m45.254s
user    161m40.420s
sys     32m1.112s


