learning,  1e-05,lamda1=10,lamda2=10, mu=2, ep1=0.0001, ep2=0.0001

absolute sum 145.868619935
0.926666666667 0.912393736018
absolute sum 145.868659716
0.906666666667 0.89225950783
absolute sum 145.868492857
0.92 0.905503355705
absolute sum 145.868684281
0.926666666667 0.912393736018
absolute sum 145.869110125
0.933333333333 0.919463087248
absolute sum 145.868562575
0.92 0.905503355705
absolute sum 145.868550264
0.92 0.905503355705
absolute sum 145.867711208
0.9 0.885906040268
absolute sum 145.868306238
0.906666666667 0.89225950783
absolute sum 145.869100933
0.933333333333 0.919463087248
absolute sum 145.868611424
0.92 0.905503355705
absolute sum 145.868246061
0.913333333333 0.898791946309
absolute sum 145.869292376
0.906666666667 0.89225950783
absolute sum 145.868696411
0.94 0.926711409396
absolute sum 145.869236291
0.906666666667 0.89225950783
absolute sum 145.868455246
0.906666666667 0.89225950783
absolute sum 145.868643681
0.933333333333 0.919463087248
absolute sum 145.868530774
0.92 0.905503355705
absolute sum 145.868690485
0.92 0.905503355705
absolute sum 145.86930033
0.906666666667 0.89225950783
    time,  244.259577036
    ARI:  0.783814695232
    RI:  0.904058165548
    Accu:  0.918333333333
