random seed = 102

learn=1e-05, ep1=0.0001, ep2=0.0001, la1=10, la2=1
        500 0.00282953007008
absolute sum 350.422116872
[[26 17 19 16 14 18 16 17]
 [10 13  8 12 10 12  5  7]
 [ 0  0  0  0  1  0  0  1]
 [ 0  0  0  1  0  0  1  0]
 [ 4  7  3  4  7  2  3  5]
 [ 4  0  3  3  1  3  3  3]
 [ 2  0  0  1  1  0  1  0]
 [ 4  5  6  7  9  5  5 11]]
time,  1.97574806213
max RI,  0.672547974414
max Accu,  0.184523809524
RI,  0.672512437811
Accu,  0.184523809524

        1000 0.00136007655966
absolute sum 319.933634842
[[30 16 18 15 12 17 18 17]
 [ 8 15  8 12 11 11  5  7]
 [ 0  0  0  0  1  0  0  1]
 [ 0  0  0  1  0  0  1  0]
 [ 4  7  2  4  8  2  4  4]
 [ 4  0  3  3  1  3  3  3]
 [ 2  0  0  1  1  0  1  0]
 [ 4  4  6  7  9  5  5 12]]
time,  3.72185492516
max RI,  0.674875621891
max Accu,  0.208333333333
RI,  0.674875621891
Accu,  0.208333333333

        1500 0.000975976462873
absolute sum 309.55633723
[[33 14 19 12 11 21 17 16]
 [ 5 17  8 14 13  9  5  6]
 [ 0  0  0  0  1  0  0  1]
 [ 0  0  0  1  0  0  1  0]
 [ 3  7  2  5  8  1  4  5]
 [ 4  0  3  3  1  3  3  3]
 [ 2  0  1  1  0  0  1  0]
 [ 4  2  7  7  9  5  5 13]]
time,  5.46743607521
max RI,  0.679637526652
max Accu,  0.22619047619
RI,  0.679637526652
Accu,  0.22619047619

        2000 0.000935342074815
absolute sum 303.361673994
[[43 15 17 11  7 18 17 15]
 [ 4 21  5 14 16  7  5  5]
 [ 0  0  0  0  1  0  0  1]
 [ 0  0  0  1  0  0  1  0]
 [ 2  7  2  5  8  1  5  5]
 [ 2  0  3  3  3  3  3  3]
 [ 2  0  1  1  0  0  1  0]
 [ 4  2  6  9  8  5  4 14]]
time,  7.12301707268
max RI,  0.688699360341
max Accu,  0.270833333333
RI,  0.688699360341
Accu,  0.270833333333

        2500 0.00102335742393
absolute sum 300.436126294
[[49 13 23  9  5 16 14 14]
 [ 2 22  5 14 19  5  4  6]
 [ 0  0  0  0  1  0  0  1]
 [ 0  0  0  1  0  0  1  0]
 [ 0  8  1  6 10  1  4  5]
 [ 2  0  2  4  3  4  2  3]
 [ 2  0  0  1  0  1  1  0]
 [ 3  1  6  9  5  8  4 16]]
time,  8.72589707375
max RI,  0.700284292822
max Accu,  0.306547619048
RI,  0.700284292822
Accu,  0.306547619048

        3000 0.0011264255823
absolute sum 299.496934884
[[57 10 23 13  4  8 15 13]
 [ 1 26  3  4 19 14  5  5]
 [ 0  0  0  0  1  0  0  1]
 [ 0  0  0  1  0  1  0  0]
 [ 0  9  1  4 11  5  1  4]
 [ 2  0  2  2  3  4  4  3]
 [ 1  0  0  1  0  1  2  0]
 [ 3  0  6  3  4  9  9 18]]
time,  10.3483481407
max RI,  0.714019189765
max Accu,  0.354166666667
RI,  0.714019189765
Accu,  0.354166666667

        3500 0.00116465687578
absolute sum 299.623118558
[[68  8 22 13  2  4 13 13]
 [ 1 27  1  3 23 13  4  5]
 [ 0  0  0  0  1  0  0  1]
 [ 0  0  0  1  0  1  0  0]
 [ 0 15  0  2 12  3  0  3]
 [ 0  0  2  3  3  5  4  3]
 [ 1  0  0  1  0  1  2  0]
 [ 2  0  5  4  2  8 12 19]]
time,  11.9768021107
max RI,  0.735714285714
max Accu,  0.39880952381
RI,  0.735714285714
Accu,  0.39880952381

        4000 0.00109425698129
absolute sum 300.213327891
[[88  0 19  3  6  8  8 11]
 [ 1 24  1 15 26  3  3  4]
 [ 0  1  0  0  0  0  0  1]
 [ 0  0  0  2  0  0  0  0]
 [ 0 12  0  3 16  0  1  3]
 [ 0  3  2  5  0  5  2  3]
 [ 1  0  0  1  0  2  1  0]
 [ 2  1  5  6  0 12  4 22]]
time,  13.6440300941
max RI,  0.768301350391
max Accu,  0.470238095238
RI,  0.768301350391
Accu,  0.470238095238

        4500 0.000957068992597
absolute sum 300.820731415
[[97  4 18  2  0  5  7 10]
 [ 2 29  0 13 25  3  1  4]
 [ 0  0  0  0  1  0  0  1]
 [ 0  0  0  2  0  0  0  0]
 [ 0 15  0  3 15  0  1  1]
 [ 0  0  1  6  2  5  2  4]
 [ 1  0  0  2  0  1  1  0]
 [ 2  0  2  6  1 10  3 28]]
time,  15.3131370544
max RI,  0.787615493959
max Accu,  0.526785714286
RI,  0.787615493959
Accu,  0.526785714286

        5000 0.000843925893891
absolute sum 300.886794245
[[104   3  17   2   0   3   5   9]
 [  2  30   0  11  26   2   1   5]
 [  0   0   0   0   1   0   0   1]
 [  0   0   0   2   0   0   0   0]
 [  0  14   0   3  16   0   1   1]
 [  0   0   1   6   2   5   2   4]
 [  0   0   0   3   0   1   1   0]
 [  2   0   2   6   1  10   3  28]]
time,  16.9473481178
max RI,  0.804282160625
max Accu,  0.553571428571
RI,  0.802807391613
Accu,  0.553571428571

        5500 0.000737765513865
absolute sum 300.374958094
[[110   3  14   2   0   2   3   9]
 [  2  31   0  12  27   1   0   4]
 [  0   0   0   0   1   0   0   1]
 [  0   0   0   2   0   0   0   0]
 [  0  13   0   1  19   0   1   1]
 [  0   0   1   7   2   5   1   4]
 [  0   0   0   3   0   1   1   0]
 [  2   0   2   4   1  10   1  32]]
time,  18.5889761448
max RI,  0.817004264392
max Accu,  0.595238095238
RI,  0.817004264392
Accu,  0.595238095238

        6000 0.000675898170793
absolute sum 299.612907729
[[114   3  13   2   0   1   1   9]
 [  2  29   0  12  29   1   0   4]
 [  0   0   0   0   1   0   0   1]
 [  0   0   0   2   0   0   0   0]
 [  0  13   0   1  19   0   1   1]
 [  0   0   1   6   1   5   1   6]
 [  0   0   0   3   0   1   1   0]
 [  2   0   1   4   1   9   0  35]]
time,  20.2611029148
max RI,  0.826368159204
max Accu,  0.613095238095
RI,  0.825124378109
Accu,  0.610119047619

        6500 0.000635892262253
absolute sum 298.661738832
[[113   3  14   0   0   1   3   9]
 [  3  32   0   0  29   1  10   2]
 [  0   0   0   0   1   0   0   1]
 [  0   0   0   0   0   0   2   0]
 [  0  12   0   1  20   0   1   1]
 [  0   0   0   1   0   7   5   7]
 [  0   0   0   0   0   2   3   0]
 [  2   0   0   0   1   8   4  37]]
time,  21.9382929802
max RI,  0.827309879176
max Accu,  0.630952380952
RI,  0.825053304904
Accu,  0.630952380952

        7000 0.000619228548964
absolute sum 297.633739027
[[113   2  14   3   0   2   0   9]
 [  3  38   0   7  27   0   0   2]
 [  0   0   0   0   1   0   0   1]
 [  0   0   0   2   0   0   0   0]
 [  0  12   0   1  20   0   1   1]
 [  0   0   0   4   0   7   1   8]
 [  0   0   0   3   0   1   1   0]
 [  2   0   0   4   1   8   0  37]]
time,  23.5926179886
max RI,  0.828962331201
max Accu,  0.64880952381
RI,  0.828127221038
Accu,  0.64880952381

        7500 0.000559372704477
absolute sum 296.680113723
[[114   2  13   3   0   2   0   9]
 [  3  39   0   9  24   0   0   2]
 [  0   0   0   0   1   0   0   1]
 [  0   0   0   2   0   0   0   0]
 [  0   9   0   1  23   0   1   1]
 [  0   0   0   3   0   7   1   9]
 [  0   0   0   3   0   1   1   0]
 [  2   0   0   1   1   8   0  40]]
time,  25.2281091213
max RI,  0.833191186923
max Accu,  0.672619047619
RI,  0.832587064677
Accu,  0.672619047619

        8000 0.000544288362976
absolute sum 295.818416085
[[113   2  14   3   0   2   0   9]
 [  4  38   0   9  24   0   0   2]
 [  0   0   0   0   1   0   0   1]
 [  0   0   0   2   0   0   0   0]
 [  0   9   0   1  23   0   1   1]
 [  0   0   0   3   0   7   1   9]
 [  0   0   0   3   0   1   1   0]
 [  2   0   0   1   1   7   0  41]]
time,  26.8892331123
max RI,  0.833191186923
max Accu,  0.672619047619
RI,  0.828802416489
Accu,  0.669642857143

        8500 0.000490435770372
absolute sum 295.107606187
[[113   2  15   3   0   2   0   8]
 [  4  39   0   8  24   0   0   2]
 [  0   0   0   0   1   0   0   1]
 [  0   0   0   2   0   0   0   0]
 [  0   9   0   1  23   0   1   1]
 [  0   0   0   3   0   7   1   9]
 [  0   0   0   3   0   1   1   0]
 [  2   0   0   1   1   7   0  41]]
time,  28.5950500965
max RI,  0.833191186923
max Accu,  0.672619047619
RI,  0.830437100213
Accu,  0.672619047619

        9000 0.000516192128469
absolute sum 294.548244774
[[113   0  16   4   0   2   0   8]
 [  4  39   0   8  24   0   0   2]
 [  0   0   0   0   1   0   0   1]
 [  0   0   0   2   0   0   0   0]
 [  0   8   0   1  25   0   0   1]
 [  0   0   0   4   0   6   1   9]
 [  0   0   0   3   0   1   1   0]
 [  2   0   0   1   1   6   0  42]]
time,  30.36490798
max RI,  0.833439943141
max Accu,  0.681547619048
RI,  0.832818052594
Accu,  0.678571428571

        9500 0.000489006331599
absolute sum 294.121332223
[[113   0  16   4   0   2   0   8]
 [  3  40   0   9  23   0   0   2]
 [  0   0   0   0   1   0   0   1]
 [  0   0   0   2   0   0   0   0]
 [  0   8   0   1  25   0   0   1]
 [  0   0   0   4   0   6   1   9]
 [  0   0   0   3   0   1   1   0]
 [  2   0   0   1   1   6   0  42]]
time,  32.1790120602
max RI,  0.835305614783
max Accu,  0.681547619048
RI,  0.835305614783
Accu,  0.681547619048

        10000 0.000482366792057
absolute sum 293.840353481
[[112   0  17   4   0   2   0   8]
 [  3  40   0   9  23   0   0   2]
 [  0   0   0   0   1   0   0   1]
 [  0   0   0   2   0   0   0   0]
 [  0   7   0   1  26   0   0   1]
 [  0   0   0   5   0   6   0   9]
 [  0   0   0   3   0   1   1   0]
 [  2   0   0   1   1   4   0  44]]
time,  33.9994571209
max RI,  0.837508884151
max Accu,  0.693452380952
RI,  0.834932480455
Accu,  0.6875

        10500 0.000484339589656
absolute sum 293.639822187
[[110   1  19   4   0   2   0   7]
 [  3  41   0   8  23   0   0   2]
 [  0   0   0   0   1   0   0   1]
 [  0   0   0   2   0   0   0   0]
 [  0   5   0   1  28   0   0   1]
 [  0   0   0   5   0   7   0   8]
 [  0   0   0   3   0   1   1   0]
 [  2   0   0   1   1   3   0  45]]
time,  35.7132151127
max RI,  0.837508884151
max Accu,  0.696428571429
RI,  0.835305614783
Accu,  0.696428571429

        11000 0.000493865440523
absolute sum 293.539523757
[[107   1  20   4   0   3   1   7]
 [  3  43   0   8  21   0   0   2]
 [  0   0   0   0   1   0   0   1]
 [  0   0   0   2   0   0   0   0]
 [  0   5   0   1  28   0   0   1]
 [  0   0   0   4   0   7   0   9]
 [  0   0   0   3   0   1   1   0]
 [  2   0   0   1   1   3   0  45]]
time,  37.3996219635
max RI,  0.837508884151
max Accu,  0.699404761905
RI,  0.830952380952
Accu,  0.693452380952

        11500 0.00045448842689
absolute sum 293.499343309
[[104   0  23   5   0   3   1   7]
 [  3  42   0   8  22   0   0   2]
 [  0   0   0   0   1   0   0   1]
 [  0   0   0   2   0   0   0   0]
 [  0   4   0   1  29   0   0   1]
 [  0   0   0   4   0   7   0   9]
 [  0   0   0   3   0   1   1   0]
 [  2   0   0   1   1   3   0  45]]
time,  39.1370470524
max RI,  0.837508884151
max Accu,  0.699404761905
RI,  0.827256574271
Accu,  0.684523809524

        12000 0.000475714767116
absolute sum 293.54932068
[[103   0  24   5   0   3   1   7]
 [  3  42   0   8  22   0   0   2]
 [  0   0   0   0   1   0   0   1]
 [  0   0   0   2   0   0   0   0]
 [  0   3   0   1  30   0   0   1]
 [  0   0   0   4   0   7   0   9]
 [  0   0   0   3   0   1   1   0]
 [  2   0   0   1   1   3   0  45]]
time,  40.9205000401
max RI,  0.837508884151
max Accu,  0.699404761905
RI,  0.82670575693
Accu,  0.684523809524

        12500 0.000435820447075
absolute sum 293.668862024
[[99  0 28  5  0  3  1  7]
 [ 3 42  0  9 22  0  0  1]
 [ 0  0  0  0  1  0  0  1]
 [ 0  0  0  2  0  0  0  0]
 [ 0  3  0  1 30  0  0  1]
 [ 0  0  0  5  0  6  0  9]
 [ 0  0  0  3  0  1  1  0]
 [ 2  0  0  1  1  3  0 45]]
time,  42.6832621098
max RI,  0.837508884151
max Accu,  0.699404761905
RI,  0.822405828003
Accu,  0.669642857143

^CTraceback (most recent call last):
  File "/dhome/chanhou/.pyenv/versions/anaconda2-2.5.0/lib/python2.7/runpy.py", line 162, in _run_module_as_main
    "__main__", fname, loader, pkg_name)
  File "/dhome/chanhou/.pyenv/versions/anaconda2-2.5.0/lib/python2.7/runpy.py", line 72, in _run_code
    exec code in run_globals
  File "/data/clustering.disambiguation/sof/__main__.py", line 4, in <module>
    main()
  File "sof/__init__.py", line 78, in main
    train(1, xPen, yPen, 1, 0.00001, .0001, .0001, 10, 1 )
  File "sof/__init__.py", line 23, in train
    gamma=lea, ep1=ep1, ep2=ep2 )
  File "sof/sofgd.py", line 113, in sof
    grad += 2*lamda2*(w0.dot(np.ones((k,k)))-np.ones((N,k)))
KeyboardInterrupt

real    0m46.137s
user    0m38.968s
sys     0m5.536s

